make all --print-data-base --no-builtin-variables --no-builtin-rules --question
# GNU Make 4.2.1
# Built for x86_64-pc-linux-gnu
# Copyright (C) 1988-2016 Free Software Foundation, Inc.
# License GPLv3+: GNU GPL version 3 or later <http://gnu.org/licenses/gpl.html>
# This is free software: you are free to change and redistribute it.
# There is NO WARRANTY, to the extent permitted by law.

# Make data base, printed on Mon Oct 28 14:33:35 2024

# Variables

# automatic
<D = $(patsubst %/,%,$(dir $<))
# automatic
?F = $(notdir $?)
# default
.SHELLFLAGS := -c
# environment
XDG_SESSION_CLASS = user
# environment
VSCODE_AGENT_FOLDER = /home/tmp/.vscode-server
# environment
XDG_SESSION_TYPE = tty
# automatic
?D = $(patsubst %/,%,$(dir $?))
# automatic
@D = $(patsubst %/,%,$(dir $@))
# automatic
@F = $(notdir $@)
# default
MAKE_VERSION := 4.2.1
# makefile
CURDIR := /home/tmp/GOLANG/anomaly_detection
# makefile
SHELL = /bin/sh
# environment
VSCODE_NLS_CONFIG = {"locale":"en","osLocale":"en","availableLanguages":{}}
# environment
_ = /home/tmp/.vscode-server/cli/servers/Stable-5c3e652f63e798a5ac2f31ffd0d863669328dc4c/server/node
# makefile (from 'Makefile', line 1)
MAKEFILE_LIST :=  Makefile
# 'override' directive
GNUMAKEFLAGS := 
# environment
XDG_DATA_DIRS = /usr/local/share:/usr/share:/var/lib/snapd/desktop
# environment
VSCODE_AMD_ENTRYPOINT = vs/workbench/api/node/extensionHostProcess
# environment
DBUS_SESSION_BUS_ADDRESS = unix:path=/run/user/1000/bus
# environment
LESSOPEN = | /usr/bin/lesspipe %s
# environment
VSCODE_CWD = /home/tmp
# environment
GOPROXY = https://proxy.golang.org,direct
# environment
SSH_CONNECTION = 192.168.56.1 54254 192.168.56.103 22
# environment
PATH = /home/tmp/go/pkg/mod/golang.org/toolchain@v0.0.1-go1.22.5.linux-amd64/bin:/home/tmp/.vscode-server/cli/servers/Stable-5c3e652f63e798a5ac2f31ffd0d863669328dc4c/server/bin/remote-cli:/home/tmp/.local/bin:/usr/local/sbin:/usr/local/bin:/usr/sbin:/usr/bin:/sbin:/bin:/usr/games:/usr/local/games:/snap/bin
# environment
VSCODE_CLI_REQUIRE_TOKEN = 476ea277-3663-4cb9-8200-9010a43a9b9c
# environment
XDG_RUNTIME_DIR = /run/user/1000
# environment
GOPATH = /home/tmp/go
# environment
ELECTRON_RUN_AS_NODE = 1
# environment
VSCODE_IPC_HOOK_CLI = /run/user/1000/vscode-ipc-6db64be7-400a-4bf6-887c-51390c62d428.sock
# default
.FEATURES := target-specific order-only second-expansion else-if shortest-stem undefine oneshell archives jobserver output-sync check-symlink load
# environment
LS_COLORS = 
# automatic
%F = $(notdir $%)
# environment
SSL_CERT_FILE = /usr/lib/ssl/certs/ca-certificates.crt
# environment
PWD = /home/tmp/GOLANG/anomaly_detection
# default
.LOADED := 
# automatic
*D = $(patsubst %/,%,$(dir $*))
# environment
GOMODCACHE = /home/tmp/go/pkg/mod
# environment
HOME = /home/tmp
# environment
LESSCLOSE = /usr/bin/lesspipe %s %s
# environment
LOGNAME = tmp
# environment
APPLICATION_INSIGHTS_NO_DIAGNOSTIC_CHANNEL = true
# automatic
+F = $(notdir $+)
# environment
GOTELEMETRY_GOPLS_CLIENT_START_TIME = 1717655720
# environment
VSCODE_HANDLES_UNCAUGHT_ERRORS = true
# automatic
^D = $(patsubst %/,%,$(dir $^))
# environment
MAKELEVEL := 0
# default
MAKE = $(MAKE_COMMAND)
# default
MAKECMDGOALS := all
# environment
SHLVL = 0
# environment
XDG_SESSION_ID = 3
# environment
USER = tmp
# makefile
.DEFAULT_GOAL := build_client
# automatic
%D = $(patsubst %/,%,$(dir $%))
# default
MAKE_COMMAND := make
# default
.VARIABLES := 
# automatic
*F = $(notdir $*)
# makefile
MAKEFLAGS = pqrR
# environment
MFLAGS = -pqrR
# environment
SSH_CLIENT = 192.168.56.1 54254 22
# automatic
+D = $(patsubst %/,%,$(dir $+))
# environment
GOTELEMETRY_GOPLS_CLIENT_TOKEN = 257
# environment
BROWSER = /home/tmp/.vscode-server/cli/servers/Stable-5c3e652f63e798a5ac2f31ffd0d863669328dc4c/server/bin/helpers/browser.sh
# environment
VSCODE_HANDLES_SIGPIPE = true
# default
MAKEFILES := 
# automatic
<F = $(notdir $<)
# environment
LC_ALL = C
# environment
SSL_CERT_DIR = /usr/lib/ssl/certs
# automatic
^F = $(notdir $^)
# default
SUFFIXES := 
# default
.INCLUDE_DIRS = /usr/include /usr/local/include /usr/include
# default
.RECIPEPREFIX := 
# default
MAKE_HOST := x86_64-pc-linux-gnu
# environment
LANG = C
# environment
MOTD_SHOWN = pam
# variable set hash-table stats:
# Load=74/1024=7%, Rehash=0, Collisions=10/99=10%

# Pattern-specific Variable Values

# No pattern-specific variable values.

# Directories

# . (device 64768, inode 711070): 17 files, no impossibilities.

# 17 files, no impossibilities in 1 directories.

# Implicit Rules

# No implicit rules.

# Files

build_test:
#  Implicit rule search has not been done.
#  Modification time never checked.
#  File has not been updated.
#  recipe to execute (from 'Makefile', line 8):
	@go build -o test ./cmd/test/main.go

# Not a target:
all:
#  Command line target.
#  Implicit rule search has been done.
#  File does not exist.
#  File has not been updated.

build_client:
#  Implicit rule search has not been done.
#  Modification time never checked.
#  File has not been updated.
#  recipe to execute (from 'Makefile', line 2):
	@go build -o client ./cmd/client/main.go

# Not a target:
Makefile:
#  Implicit rule search has been done.
#  Last modified 2024-10-28 10:47:33.64432917
#  File has been updated.
#  Successfully updated.

build_server:
#  Implicit rule search has not been done.
#  Modification time never checked.
#  File has not been updated.
#  recipe to execute (from 'Makefile', line 5):
	@go build -o server ./cmd/server/main.go

proto_generate:
#  Implicit rule search has not been done.
#  Modification time never checked.
#  File has not been updated.
#  recipe to execute (from 'Makefile', line 11):
	@protoc --go_out=pkg/api --go_opt=paths=source_relative --go-grpc_out=pkg/api --go-grpc_opt=paths=source_relative ./api/proto/serv.proto

# Not a target:
.DEFAULT:
#  Implicit rule search has not been done.
#  Modification time never checked.
#  File has not been updated.

clean:
#  Implicit rule search has not been done.
#  Modification time never checked.
#  File has not been updated.
#  recipe to execute (from 'Makefile', line 15):
	rm ./server ./client

# files hash-table stats:
# Load=9/1024=1%, Rehash=0, Collisions=1/19=5%
# VPATH Search Paths

# No 'vpath' search paths.

# No general ('VPATH' variable) search path.

# strcache buffers: 1 (0) / strings = 27 / storage = 231 B / avg = 8 B
# current buf: size = 8162 B / used = 231 B / count = 27 / avg = 8 B

# strcache performance: lookups = 36 / hit rate = 25%
# hash-table stats:
# Load=27/8192=0%, Rehash=0, Collisions=1/36=3%
# Finished Make data base on Mon Oct 28 14:33:35 2024

 
make: *** No rule to make target 'all'.  Stop.

